<?xml version="1.0" encoding="UTF-8"?>
<!-- Generated by org.testng.reporters.JUnitReportReporter -->
<testsuite hostname="XD-10IALA-80195" name="com.sprint.aiva.api.main.TestDataValidationGeneric3" tests="2" failures="0" timestamp="9 Dec 2019 09:15:35 GMT" time="18.590" errors="0">
  <testcase name="banAndSubscriber" time="0.434" classname="com.sprint.aiva.api.main.TestDataValidationGeneric3"/>
  <testcase name="onlyBan" time="18.156" classname="com.sprint.aiva.api.main.TestDataValidationGeneric3"/>
</testsuite> <!-- com.sprint.aiva.api.main.TestDataValidationGeneric3 -->
