<?xml version="1.0" encoding="UTF-8"?>
<!-- Generated by org.testng.reporters.JUnitReportReporter -->
<testsuite hostname="XD-10IALA-80195" name="com.sprint.aiva.api.main.TestDataValidationGeneric" tests="1" failures="0" timestamp="9 Dec 2019 09:20:03 GMT" time="17.927" errors="0">
  <testcase name="onlyBan" time="17.927" classname="com.sprint.aiva.api.main.TestDataValidationGeneric"/>
</testsuite> <!-- com.sprint.aiva.api.main.TestDataValidationGeneric -->
