<?xml version="1.0" encoding="UTF-8"?>
<!-- Generated by org.testng.reporters.JUnitReportReporter -->
<testsuite hostname="XD-10IALA-80195" name="com.sprint.aiva.api.main.TestDataValidationGeneric2" tests="1" failures="0" timestamp="9 Dec 2019 09:35:07 GMT" time="11.353" errors="0">
  <testcase name="banAndSubscriber" time="11.353" classname="com.sprint.aiva.api.main.TestDataValidationGeneric2"/>
</testsuite> <!-- com.sprint.aiva.api.main.TestDataValidationGeneric2 -->
