<?xml version="1.0" encoding="UTF-8"?>
<!-- Generated by org.testng.reporters.JUnitReportReporter -->
<testsuite skipped="0" hostname="XD-10IALA-40003" name="sprintaiva.Api_validation" tests="1" failures="0" timestamp="04 Jan 2019 08:00:47 GMT" time="97.715" errors="0">
  <testcase name="openSprint1" time="97.715" classname="sprintaiva.Api_validation"/>
</testsuite> <!-- sprintaiva.Api_validation -->
